<?xml version="1.0" encoding="UTF-8"?>
<!-- Generated by org.testng.reporters.JUnitReportReporter -->
<testsuite skipped="0" hostname="DESKTOP-A15AP0F" name="LoginPageTest" tests="3" failures="0" timestamp="2021-07-26T12:48:51 IST" time="55.774" errors="0">
  <testcase name="getTitleOfPage" time="10.717" classname="LoginPageTest"/>
  <system-out/>
  <testcase name="logintoApplication" time="15.673" classname="LoginPageTest"/>
  <system-out/>
  <testcase name="checkForgetLink" time="29.384" classname="LoginPageTest"/>
  <system-out/>
</testsuite> <!-- LoginPageTest -->
