<?xml version="1.0" encoding="UTF-8"?>
<!-- Generated by org.testng.reporters.JUnitReportReporter -->
<testsuite skipped="0" hostname="DESKTOP-A15AP0F" name="com.myTestCases.LoginPageTest" tests="3" failures="0" timestamp="2021-07-26T17:05:22 IST" time="69.754" errors="0">
  <testcase name="getTitleOfPage" time="18.931" classname="com.myTestCases.LoginPageTest"/>
  <system-out/>
  <testcase name="logintoApplication" time="40.191" classname="com.myTestCases.LoginPageTest"/>
  <system-out/>
  <testcase name="checkForgetLink" time="10.632" classname="com.myTestCases.LoginPageTest"/>
  <system-out/>
</testsuite> <!-- com.myTestCases.LoginPageTest -->
