<?xml version="1.0" encoding="UTF-8"?>
<!-- Generated by org.testng.reporters.JUnitReportReporter -->
<testsuite skipped="0" hostname="DESKTOP-A15AP0F" name="com.myTestCases.DashBoardPageTest" tests="4" failures="0" timestamp="2021-07-26T17:05:22 IST" time="302.143" errors="0">
  <testcase name="getTitleOfPage" time="73.161" classname="com.myTestCases.DashBoardPageTest"/>
  <system-out/>
  <testcase name="printCountOfMainMenuItems" time="74.245" classname="com.myTestCases.DashBoardPageTest"/>
  <system-out/>
  <testcase name="printNameOfMainMenuItems" time="72.997" classname="com.myTestCases.DashBoardPageTest"/>
  <system-out/>
  <testcase name="printDashBoardItems" time="81.740" classname="com.myTestCases.DashBoardPageTest"/>
  <system-out/>
</testsuite> <!-- com.myTestCases.DashBoardPageTest -->
